2025-08-13 20:47:42,332 DEBUG - Starting WinSW in console mode
2025-08-13 20:47:43,540 FATAL - An error occurred trying to start process 'D:\CodeSnippet\winsh\downloadgithub.exe' with working directory 'D:\CodeSnippet\winsh'. The operation was canceled by the user.
2025-08-13 20:48:22,078 DEBUG - Starting WinSW in console mode
2025-08-13 20:48:22,530 FATAL - An error occurred trying to start process 'D:\CodeSnippet\winsh\downloadgithub.exe' with working directory 'D:\CodeSnippet\winsh'. The operation was canceled by the user.
2025-08-13 20:49:51,108 DEBUG - Starting WinSW in console mode
2025-08-13 20:49:52,036 FATAL - An error occurred trying to start process 'D:\CodeSnippet\winsh\downloadgithub.exe' with working directory 'D:\CodeSnippet\winsh'. The operation was canceled by the user.
2025-08-13 20:50:10,652 DEBUG - Starting WinSW in console mode
2025-08-13 20:50:11,132 FATAL - An error occurred trying to start process 'D:\CodeSnippet\winsh\downloadgithub.exe' with working directory 'D:\CodeSnippet\winsh'. The operation was canceled by the user.
2025-08-13 20:51:13,995 DEBUG - Starting WinSW in console mode
2025-08-13 20:51:15,930 DEBUG - Starting WinSW in console mode
2025-08-13 20:51:15,956 INFO  - Installing service 'downloadgithub (downloadgithub)'...
2025-08-13 20:51:15,984 INFO  - Service 'downloadgithub (downloadgithub)' was installed successfully.
2025-08-13 20:51:25,281 DEBUG - Starting WinSW in console mode
2025-08-13 20:51:27,542 DEBUG - Starting WinSW in console mode
2025-08-13 20:51:27,571 INFO  - Starting service 'downloadgithub (downloadgithub)'...
2025-08-13 20:51:27,820 DEBUG - Starting WinSW in service mode
2025-08-13 20:51:27,845 INFO  - Service 'downloadgithub (downloadgithub)' started successfully.
2025-08-13 20:51:27,920 INFO  - Starting python.exe "D:\CodeSnippet\winsh\main.py"
2025-08-13 20:51:27,938 ERROR - Failed to start service.
System.ComponentModel.Win32Exception (2): An error occurred trying to start process 'python.exe' with working directory '"D:\CodeSnippet\winsh"'. The system cannot find the file specified.
   at System.Diagnostics.Process.StartWithCreateProcess(ProcessStartInfo )
   at System.Diagnostics.Process.StartCore(ProcessStartInfo )
   at System.Diagnostics.Process.Start()
   at WinSW.Util.ProcessHelper.StartProcessAndCallbackForExit(Process processToStart, String executable, String arguments, Dictionary`2 envVars, String workingDirectory, Nullable`1 priority, ProcessCompletionCallback callback, LogHandler logHandler, Boolean hideWindow)
   at WinSW.WrapperService.StartProcess(Process processToStart, String arguments, String executable, LogHandler logHandler)
   at WinSW.WrapperService.DoStart()
   at WinSW.WrapperService.OnStart(String[] args)
2025-08-13 20:53:24,786 DEBUG - Starting WinSW in console mode
2025-08-13 20:53:26,955 DEBUG - Starting WinSW in console mode
2025-08-13 20:53:26,981 INFO  - Installing service 'downloadgithub (downloadgithub)'...
2025-08-13 20:53:26,993 INFO  - Service 'downloadgithub (downloadgithub)' was installed successfully.
2025-08-13 20:53:31,458 DEBUG - Starting WinSW in console mode
2025-08-13 20:53:34,151 DEBUG - Starting WinSW in console mode
2025-08-13 20:53:34,179 INFO  - Starting service 'downloadgithub (downloadgithub)'...
2025-08-13 20:53:34,428 DEBUG - Starting WinSW in service mode
2025-08-13 20:53:34,477 INFO  - Service 'downloadgithub (downloadgithub)' started successfully.
2025-08-13 20:53:34,562 INFO  - Starting python.exe  "D:\CodeSnippet\winsh\main.py"
2025-08-13 20:53:34,580 ERROR - Failed to start service.
System.ComponentModel.Win32Exception (2): An error occurred trying to start process 'python.exe' with working directory '"D:\CodeSnippet\winsh"'. The system cannot find the file specified.
   at System.Diagnostics.Process.StartWithCreateProcess(ProcessStartInfo )
   at System.Diagnostics.Process.StartCore(ProcessStartInfo )
   at System.Diagnostics.Process.Start()
   at WinSW.Util.ProcessHelper.StartProcessAndCallbackForExit(Process processToStart, String executable, String arguments, Dictionary`2 envVars, String workingDirectory, Nullable`1 priority, ProcessCompletionCallback callback, LogHandler logHandler, Boolean hideWindow)
   at WinSW.WrapperService.StartProcess(Process processToStart, String arguments, String executable, LogHandler logHandler)
   at WinSW.WrapperService.DoStart()
   at WinSW.WrapperService.OnStart(String[] args)
2025-08-13 20:56:47,858 DEBUG - Starting WinSW in console mode
2025-08-13 20:56:49,622 DEBUG - Starting WinSW in console mode
2025-08-13 20:56:49,650 INFO  - Starting service 'downloadgithub (downloadgithub)'...
2025-08-13 20:56:49,901 DEBUG - Starting WinSW in service mode
2025-08-13 20:56:49,926 INFO  - Service 'downloadgithub (downloadgithub)' started successfully.
2025-08-13 20:56:50,011 INFO  - Starting python.exe  "D:\CodeSnippet\winsh\main.py"
2025-08-13 20:56:50,030 ERROR - Failed to start service.
System.ComponentModel.Win32Exception (2): An error occurred trying to start process 'python.exe' with working directory '"D:\CodeSnippet\winsh"'. The system cannot find the file specified.
   at System.Diagnostics.Process.StartWithCreateProcess(ProcessStartInfo )
   at System.Diagnostics.Process.StartCore(ProcessStartInfo )
   at System.Diagnostics.Process.Start()
   at WinSW.Util.ProcessHelper.StartProcessAndCallbackForExit(Process processToStart, String executable, String arguments, Dictionary`2 envVars, String workingDirectory, Nullable`1 priority, ProcessCompletionCallback callback, LogHandler logHandler, Boolean hideWindow)
   at WinSW.WrapperService.StartProcess(Process processToStart, String arguments, String executable, LogHandler logHandler)
   at WinSW.WrapperService.DoStart()
   at WinSW.WrapperService.OnStart(String[] args)
2025-08-13 20:59:04,101 DEBUG - Starting WinSW in console mode
2025-08-13 20:59:05,917 DEBUG - Starting WinSW in console mode
2025-08-13 20:59:05,942 INFO  - Installing service 'downloadgithub (downloadgithub)'...
2025-08-13 20:59:05,955 INFO  - Service 'downloadgithub (downloadgithub)' was installed successfully.
2025-08-13 20:59:09,984 DEBUG - Starting WinSW in console mode
2025-08-13 20:59:11,652 DEBUG - Starting WinSW in console mode
2025-08-13 20:59:11,680 INFO  - Starting service 'downloadgithub (downloadgithub)'...
2025-08-13 20:59:11,925 DEBUG - Starting WinSW in service mode
2025-08-13 20:59:11,950 INFO  - Service 'downloadgithub (downloadgithub)' started successfully.
2025-08-13 20:59:12,035 INFO  - Starting C:\Users\Steve\AppData\Local\Programs\Python\Python39\python.exe  "D:\CodeSnippet\winsh\main.py"
2025-08-13 20:59:12,052 ERROR - Failed to start service.
System.ComponentModel.Win32Exception (267): An error occurred trying to start process 'C:\Users\Steve\AppData\Local\Programs\Python\Python39\python.exe' with working directory '"D:\CodeSnippet\winsh"'. The directory name is invalid.
   at System.Diagnostics.Process.StartWithCreateProcess(ProcessStartInfo )
   at System.Diagnostics.Process.StartCore(ProcessStartInfo )
   at System.Diagnostics.Process.Start()
   at WinSW.Util.ProcessHelper.StartProcessAndCallbackForExit(Process processToStart, String executable, String arguments, Dictionary`2 envVars, String workingDirectory, Nullable`1 priority, ProcessCompletionCallback callback, LogHandler logHandler, Boolean hideWindow)
   at WinSW.WrapperService.StartProcess(Process processToStart, String arguments, String executable, LogHandler logHandler)
   at WinSW.WrapperService.DoStart()
   at WinSW.WrapperService.OnStart(String[] args)
2025-08-13 21:02:31,599 DEBUG - Starting WinSW in console mode
2025-08-13 21:02:33,431 DEBUG - Starting WinSW in console mode
2025-08-13 21:02:33,457 INFO  - Installing service 'downloadgithub (downloadgithub)'...
2025-08-13 21:02:33,470 INFO  - Service 'downloadgithub (downloadgithub)' was installed successfully.
2025-08-13 21:02:34,964 DEBUG - Starting WinSW in console mode
2025-08-13 21:02:36,342 FATAL - An error occurred trying to start process 'D:\CodeSnippet\winsh\downloadgithub.exe' with working directory 'D:\CodeSnippet\winsh'. The operation was canceled by the user.
2025-08-13 21:02:38,684 DEBUG - Starting WinSW in console mode
2025-08-13 21:02:40,092 DEBUG - Starting WinSW in console mode
2025-08-13 21:02:40,120 INFO  - Starting service 'downloadgithub (downloadgithub)'...
2025-08-13 21:02:40,366 DEBUG - Starting WinSW in service mode
2025-08-13 21:02:40,421 INFO  - Service 'downloadgithub (downloadgithub)' started successfully.
2025-08-13 21:02:40,507 INFO  - Starting C:\Users\Steve\AppData\Local\Programs\Python\Python39\python.exe  "D:\CodeSnippet\winsh\main.py"
2025-08-13 21:02:40,528 INFO  - Started process 33644
2025-08-13 21:02:40,538 DEBUG - Forwarding logs of the process System.Diagnostics.Process (python) to WinSW.RollingLogAppender
2025-08-13 21:03:30,478 DEBUG - Starting WinSW in console mode
2025-08-13 21:03:32,464 DEBUG - Starting WinSW in console mode
2025-08-13 21:03:32,492 INFO  - Starting service 'downloadgithub (downloadgithub)'...
2025-08-13 21:03:32,741 DEBUG - Starting WinSW in service mode
2025-08-13 21:03:32,766 INFO  - Service 'downloadgithub (downloadgithub)' started successfully.
2025-08-13 21:03:32,850 INFO  - Starting C:\Users\Steve\AppData\Local\Programs\Python\Python39\python.exe  "D:\CodeSnippet\winsh\main.py"
2025-08-13 21:03:32,869 INFO  - Started process 37852
2025-08-13 21:03:32,880 DEBUG - Forwarding logs of the process System.Diagnostics.Process (python) to WinSW.RollingLogAppender
2025-08-13 21:04:09,808 DEBUG - Starting WinSW in console mode
2025-08-13 21:04:11,460 DEBUG - Starting WinSW in console mode
2025-08-13 21:04:11,488 INFO  - Starting service 'downloadgithub (downloadgithub)'...
2025-08-13 21:04:11,738 DEBUG - Starting WinSW in service mode
2025-08-13 21:04:11,764 INFO  - Service 'downloadgithub (downloadgithub)' started successfully.
2025-08-13 21:04:11,847 INFO  - Starting C:\Users\Steve\AppData\Local\Programs\Python\Python39\python.exe  "D:\CodeSnippet\winsh\main.py"
2025-08-13 21:04:11,866 INFO  - Started process 38676
2025-08-13 21:04:11,876 DEBUG - Forwarding logs of the process System.Diagnostics.Process (python) to WinSW.RollingLogAppender
